[debug] [2022-06-22T00:52:02.151Z] ----------------------------------------------------------------------
[debug] [2022-06-22T00:52:02.153Z] Command:       C:\Program Files\nodejs\node.exe C:\Users\rodri\AppData\Roaming\npm\node_modules\firebase-tools\lib\bin\firebase.js emulators:start
[debug] [2022-06-22T00:52:02.153Z] CLI Version:   10.9.2
[debug] [2022-06-22T00:52:02.153Z] Platform:      win32
[debug] [2022-06-22T00:52:02.153Z] Node Version:  v16.15.0
[debug] [2022-06-22T00:52:02.154Z] Time:          Tue Jun 21 2022 21:52:02 GMT-0300 (hora estándar de Argentina)
[debug] [2022-06-22T00:52:02.154Z] ----------------------------------------------------------------------
[debug] 
[debug] [2022-06-22T00:52:02.215Z] > command requires scopes: ["email","openid","https://www.googleapis.com/auth/cloudplatformprojects.readonly","https://www.googleapis.com/auth/firebase","https://www.googleapis.com/auth/cloud-platform"]
[debug] [2022-06-22T00:52:02.216Z] > authorizing via signed-in user (rodrigo.m.quintero@gmail.com)
[info] i  emulators: Starting emulators: functions {"metadata":{"emulator":{"name":"hub"},"message":"Starting emulators: functions"}}
[debug] [2022-06-22T00:52:02.248Z] [hub] writing locator at C:\Users\rodri\AppData\Local\Temp\hub-ecommerce-mp.json
[warn] !  functions: The following emulators are not running, calls to these services from the Functions emulator will affect production: auth, firestore, database, hosting, pubsub, storage {"metadata":{"emulator":{"name":"functions"},"message":"The following emulators are not running, calls to these services from the Functions emulator will affect production: \u001b[1mauth, firestore, database, hosting, pubsub, storage\u001b[22m"}}
[info] +  functions: Using node@16 from host. {"metadata":{"emulator":{"name":"functions"},"message":"Using node@16 from host."}}
[debug] [2022-06-22T00:52:02.260Z] defaultcredentials: writing to file C:\Users\rodri\AppData\Roaming\firebase\rodrigo_m.quintero_gmail.com_application_default_credentials.json
[debug] [2022-06-22T00:52:02.262Z] Setting GAC to C:\Users\rodri\AppData\Roaming\firebase\rodrigo_m.quintero_gmail.com_application_default_credentials.json {"metadata":{"emulator":{"name":"functions"},"message":"Setting GAC to C:\\Users\\rodri\\AppData\\Roaming\\firebase\\rodrigo_m.quintero_gmail.com_application_default_credentials.json"}}
[debug] [2022-06-22T00:52:02.264Z] >>> [apiv2][query] GET https://firebase.googleapis.com/v1beta1/projects/ecommerce-mp/adminSdkConfig [none]
[debug] [2022-06-22T00:52:03.338Z] <<< [apiv2][status] GET https://firebase.googleapis.com/v1beta1/projects/ecommerce-mp/adminSdkConfig 200
[debug] [2022-06-22T00:52:03.339Z] <<< [apiv2][body] GET https://firebase.googleapis.com/v1beta1/projects/ecommerce-mp/adminSdkConfig {"projectId":"ecommerce-mp","databaseURL":"https://ecommerce-mp-default-rtdb.firebaseio.com","storageBucket":"ecommerce-mp.appspot.com","locationId":"us-central"}
[debug] [2022-06-22T00:52:03.352Z] Ignoring unsupported arg: auto_download {"metadata":{"emulator":{"name":"ui"},"message":"Ignoring unsupported arg: auto_download"}}
[debug] [2022-06-22T00:52:03.352Z] Ignoring unsupported arg: port {"metadata":{"emulator":{"name":"ui"},"message":"Ignoring unsupported arg: port"}}
[debug] [2022-06-22T00:52:03.352Z] Starting Emulator UI with command {"binary":"node","args":["C:\\Users\\rodri\\.cache\\firebase\\emulators\\ui-v1.7.0\\server.bundle.js"],"optionalArgs":[],"joinArgs":false} {"metadata":{"emulator":{"name":"ui"},"message":"Starting Emulator UI with command {\"binary\":\"node\",\"args\":[\"C:\\\\Users\\\\rodri\\\\.cache\\\\firebase\\\\emulators\\\\ui-v1.7.0\\\\server.bundle.js\"],\"optionalArgs\":[],\"joinArgs\":false}"}}
[info] i  ui: Emulator UI logging to ui-debug.log {"metadata":{"emulator":{"name":"ui"},"message":"Emulator UI logging to \u001b[1mui-debug.log\u001b[22m"}}
[debug] [2022-06-22T00:52:03.462Z] Web / API server started at localhost:4000
 {"metadata":{"emulator":{"name":"ui"},"message":"Web / API server started at localhost:4000\n"}}
[info] i  functions: Watching "C:\ittechgroup\backend\functions" for Cloud Functions... {"metadata":{"emulator":{"name":"functions"},"message":"Watching \"C:\\ittechgroup\\backend\\functions\" for Cloud Functions..."}}
[debug] [2022-06-22T00:52:03.622Z] Validating nodejs source
