[debug] [2022-06-20T16:06:58.064Z] ----------------------------------------------------------------------
[debug] [2022-06-20T16:06:58.065Z] Command:       C:\Program Files\nodejs\node.exe C:\Users\rodri\AppData\Roaming\npm\node_modules\firebase-tools\lib\bin\firebase.js emulators:start
[debug] [2022-06-20T16:06:58.065Z] CLI Version:   10.9.2
[debug] [2022-06-20T16:06:58.066Z] Platform:      win32
[debug] [2022-06-20T16:06:58.066Z] Node Version:  v16.15.0
[debug] [2022-06-20T16:06:58.070Z] Time:          Mon Jun 20 2022 13:06:58 GMT-0300 (hora estándar de Argentina)
[debug] [2022-06-20T16:06:58.071Z] ----------------------------------------------------------------------
[debug] 
[debug] [2022-06-20T16:06:58.073Z] >>> [apiv2][query] GET https://firebase-public.firebaseio.com/cli.json [none]
[debug] [2022-06-20T16:06:58.146Z] > command requires scopes: ["email","openid","https://www.googleapis.com/auth/cloudplatformprojects.readonly","https://www.googleapis.com/auth/firebase","https://www.googleapis.com/auth/cloud-platform"]
[debug] [2022-06-20T16:06:58.146Z] > authorizing via signed-in user (rodrigo.m.quintero@gmail.com)
[info] i  emulators: Starting emulators: functions {"metadata":{"emulator":{"name":"hub"},"message":"Starting emulators: functions"}}
[debug] [2022-06-20T16:06:58.161Z] [hub] writing locator at C:\Users\rodri\AppData\Local\Temp\hub-shoppit-app-stg.json
[warn] !  functions: The following emulators are not running, calls to these services from the Functions emulator will affect production: auth, firestore, database, hosting, pubsub, storage {"metadata":{"emulator":{"name":"functions"},"message":"The following emulators are not running, calls to these services from the Functions emulator will affect production: \u001b[1mauth, firestore, database, hosting, pubsub, storage\u001b[22m"}}
[info] +  functions: Using node@16 from host. {"metadata":{"emulator":{"name":"functions"},"message":"Using node@16 from host."}}
[debug] [2022-06-20T16:06:58.454Z] defaultcredentials: writing to file C:\Users\rodri\AppData\Roaming\firebase\rodrigo_m.quintero_gmail.com_application_default_credentials.json
[debug] [2022-06-20T16:06:58.455Z] Setting GAC to C:\Users\rodri\AppData\Roaming\firebase\rodrigo_m.quintero_gmail.com_application_default_credentials.json {"metadata":{"emulator":{"name":"functions"},"message":"Setting GAC to C:\\Users\\rodri\\AppData\\Roaming\\firebase\\rodrigo_m.quintero_gmail.com_application_default_credentials.json"}}
[debug] [2022-06-20T16:06:58.456Z] > refreshing access token with scopes: []
[debug] [2022-06-20T16:06:58.457Z] >>> HTTP REQUEST POST https://www.googleapis.com/oauth2/v3/token  
 <request body omitted>
[debug] [2022-06-20T16:06:58.637Z] <<< HTTP RESPONSE 200 {"cache-control":"no-cache, no-store, max-age=0, must-revalidate","expires":"Mon, 01 Jan 1990 00:00:00 GMT","date":"Mon, 20 Jun 2022 16:06:58 GMT","pragma":"no-cache","content-type":"application/json; charset=utf-8","vary":"X-Origin, Referer, Origin,Accept-Encoding","server":"scaffolding on HTTPServer2","x-xss-protection":"0","x-frame-options":"SAMEORIGIN","x-content-type-options":"nosniff","alt-svc":"h3=\":443\"; ma=2592000,h3-29=\":443\"; ma=2592000,h3-Q050=\":443\"; ma=2592000,h3-Q046=\":443\"; ma=2592000,h3-Q043=\":443\"; ma=2592000,quic=\":443\"; ma=2592000; v=\"46,43\"","accept-ranges":"none","transfer-encoding":"chunked"}
[debug] [2022-06-20T16:06:58.665Z] >>> [apiv2][query] GET https://firebase.googleapis.com/v1beta1/projects/shoppit-app-stg/adminSdkConfig [none]
[debug] [2022-06-20T16:06:58.704Z] <<< [apiv2][status] GET https://firebase-public.firebaseio.com/cli.json 200
[debug] [2022-06-20T16:06:58.705Z] <<< [apiv2][body] GET https://firebase-public.firebaseio.com/cli.json {"cloudBuildErrorAfter":1594252800000,"cloudBuildWarnAfter":1590019200000,"defaultNode10After":1594252800000,"minVersion":"3.0.5","node8DeploysDisabledAfter":1613390400000,"node8RuntimeDisabledAfter":1615809600000,"node8WarnAfter":1600128000000}
[debug] [2022-06-20T16:06:59.076Z] <<< [apiv2][status] GET https://firebase.googleapis.com/v1beta1/projects/shoppit-app-stg/adminSdkConfig 200
[debug] [2022-06-20T16:06:59.076Z] <<< [apiv2][body] GET https://firebase.googleapis.com/v1beta1/projects/shoppit-app-stg/adminSdkConfig {"projectId":"shoppit-app-stg","databaseURL":"https://shoppit-app-stg-default-rtdb.firebaseio.com","storageBucket":"shoppit-app-stg.appspot.com","locationId":"southamerica-east1"}
[debug] [2022-06-20T16:06:59.089Z] Ignoring unsupported arg: auto_download {"metadata":{"emulator":{"name":"ui"},"message":"Ignoring unsupported arg: auto_download"}}
[debug] [2022-06-20T16:06:59.089Z] Ignoring unsupported arg: port {"metadata":{"emulator":{"name":"ui"},"message":"Ignoring unsupported arg: port"}}
[debug] [2022-06-20T16:06:59.089Z] Starting Emulator UI with command {"binary":"node","args":["C:\\Users\\rodri\\.cache\\firebase\\emulators\\ui-v1.7.0\\server.bundle.js"],"optionalArgs":[],"joinArgs":false} {"metadata":{"emulator":{"name":"ui"},"message":"Starting Emulator UI with command {\"binary\":\"node\",\"args\":[\"C:\\\\Users\\\\rodri\\\\.cache\\\\firebase\\\\emulators\\\\ui-v1.7.0\\\\server.bundle.js\"],\"optionalArgs\":[],\"joinArgs\":false}"}}
[info] i  ui: Emulator UI logging to ui-debug.log {"metadata":{"emulator":{"name":"ui"},"message":"Emulator UI logging to \u001b[1mui-debug.log\u001b[22m"}}
[debug] [2022-06-20T16:06:59.198Z] Web / API server started at localhost:4000
 {"metadata":{"emulator":{"name":"ui"},"message":"Web / API server started at localhost:4000\n"}}
[info] i  functions: Watching "C:\ittechgroup\backend\functions" for Cloud Functions... {"metadata":{"emulator":{"name":"functions"},"message":"Watching \"C:\\ittechgroup\\backend\\functions\" for Cloud Functions..."}}
[debug] [2022-06-20T16:06:59.372Z] Validating nodejs source
[debug] [2022-06-20T16:07:01.746Z] > [functions] package.json contents: {
  "name": "functions",
  "description": "Cloud Functions for Firebase",
  "scripts": {
    "lint": "eslint .",
    "serve": "firebase emulators:start --only functions",
    "shell": "firebase functions:shell",
    "start": "npm run shell",
    "deploy": "firebase deploy --only functions",
    "logs": "firebase functions:log"
  },
  "engines": {
    "node": "16"
  },
  "main": "index.js",
  "dependencies": {
    "@hapi/boom": "^10.0.0",
    "axios": "^0.27.2",
    "body-parser": "^1.20.0",
    "concurrently": "^7.1.0",
    "cors": "^2.8.5",
    "dotenv": "^16.0.0",
    "express": "^4.18.1",
    "express-joi-validation": "^5.0.1",
    "firebase": "^9.8.1",
    "firebase-admin": "^10.0.2",
    "firebase-functions": "^3.21.2",
    "helmet": "^5.1.0",
    "joi": "^17.6.0",
    "jsonwebtoken": "^8.5.1",
    "mercadopago": "^1.5.13",
    "method-override": "^3.0.0",
    "morgan": "^1.10.0",
    "nodemailer": "^6.7.5",
    "swagger-jsdoc": "^6.2.1",
    "swagger-ui-express": "^4.4.0"
  },
  "devDependencies": {
    "@typescript-eslint/eslint-plugin": "^5.23.0",
    "eslint": "^8.9.0",
    "eslint-config-google": "^0.14.0",
    "eslint-plugin-import": "^2.26.0",
    "firebase-functions-test": "^0.2.0"
  },
  "private": true
}
[debug] [2022-06-20T16:07:01.747Z] Building nodejs source
[debug] [2022-06-20T16:07:01.747Z] Analyzing nodejs backend spec
[debug] [2022-06-20T16:07:01.748Z] Could not find functions.yaml. Must use http discovery
[debug] [2022-06-20T16:07:01.979Z] Serving at port 9005

[debug] [2022-06-20T16:07:02.867Z] Got response from /__/functions.yaml {"endpoints":{"setCustomerClaim":{"platform":"gcfv1","eventTrigger":{"eventType":"providers/firebase.auth/eventTypes/user.create","eventFilters":{"resource":"projects/shoppit-app-stg"},"retry":false},"labels":{},"entryPoint":"setCustomerClaim"},"api":{"platform":"gcfv1","httpsTrigger":{},"entryPoint":"api"}},"specVersion":"v1alpha1","requiredAPIs":[]}
[debug] [2022-06-20T16:07:02.875Z] shutdown requested via /__/quitquitquit

[debug] [2022-06-20T16:07:02.889Z] addAuthTrigger {"eventTrigger":{"eventType":"providers/firebase.auth/eventTypes/user.create","resource":"projects/shoppit-app-stg"}}
[info] +  functions[us-central1-setCustomerClaim]: auth function initialized. {"metadata":{"emulator":{"name":"functions"},"message":"\u001b[1mauth\u001b[22m function initialized."}}
[info] +  functions[us-central1-api]: http function initialized (http://localhost:5001/shoppit-app-stg/us-central1/api). {"metadata":{"emulator":{"name":"functions"},"message":"\u001b[1mhttp\u001b[22m function initialized (http://localhost:5001/shoppit-app-stg/us-central1/api)."}}
[info] 
┌─────────────────────────────────────────────────────────────┐
│ ✔  All emulators ready! It is now safe to connect your app. │
│ i  View Emulator UI at http://localhost:4000                │
└─────────────────────────────────────────────────────────────┘

┌───────────┬────────────────┬─────────────────────────────────┐
│ Emulator  │ Host:Port      │ View in Emulator UI             │
├───────────┼────────────────┼─────────────────────────────────┤
│ Functions │ localhost:5001 │ http://localhost:4000/functions │
└───────────┴────────────────┴─────────────────────────────────┘
  Emulator Hub running at localhost:4400
  Other reserved ports: 4500

Issues? Report them at https://github.com/firebase/firebase-tools/issues and attach the *-debug.log files.
 
